{"/home/illia/Projects/Todo-List/src/js/List.js": {"path":"/home/illia/Projects/Todo-List/src/js/List.js","statementMap":{"0":{"start":{"line":5,"column":4},"end":{"line":5,"column":20}},"1":{"start":{"line":6,"column":4},"end":{"line":6,"column":41}},"2":{"start":{"line":10,"column":4},"end":{"line":10,"column":26}},"3":{"start":{"line":11,"column":4},"end":{"line":11,"column":31}},"4":{"start":{"line":15,"column":4},"end":{"line":15,"column":61}},"5":{"start":{"line":15,"column":45},"end":{"line":15,"column":59}},"6":{"start":{"line":16,"column":4},"end":{"line":16,"column":17}},"7":{"start":{"line":17,"column":4},"end":{"line":17,"column":31}},"8":{"start":{"line":21,"column":4},"end":{"line":28,"column":5}},"9":{"start":{"line":21,"column":17},"end":{"line":21,"column":18}},"10":{"start":{"line":22,"column":6},"end":{"line":27,"column":7}},"11":{"start":{"line":23,"column":8},"end":{"line":23,"column":41}},"12":{"start":{"line":24,"column":8},"end":{"line":24,"column":41}},"13":{"start":{"line":25,"column":8},"end":{"line":25,"column":47}},"14":{"start":{"line":26,"column":8},"end":{"line":26,"column":35}},"15":{"start":{"line":32,"column":23},"end":{"line":32,"column":25}},"16":{"start":{"line":33,"column":4},"end":{"line":35,"column":7}},"17":{"start":{"line":34,"column":6},"end":{"line":34,"column":55}},"18":{"start":{"line":37,"column":18},"end":{"line":37,"column":20}},"19":{"start":{"line":38,"column":4},"end":{"line":41,"column":5}},"20":{"start":{"line":38,"column":17},"end":{"line":38,"column":18}},"21":{"start":{"line":39,"column":16},"end":{"line":39,"column":84}},"22":{"start":{"line":39,"column":44},"end":{"line":39,"column":80}},"23":{"start":{"line":40,"column":6},"end":{"line":40,"column":20}},"24":{"start":{"line":43,"column":4},"end":{"line":43,"column":23}},"25":{"start":{"line":44,"column":4},"end":{"line":44,"column":17}},"26":{"start":{"line":45,"column":4},"end":{"line":45,"column":31}},"27":{"start":{"line":49,"column":19},"end":{"line":49,"column":21}},"28":{"start":{"line":51,"column":4},"end":{"line":53,"column":5}},"29":{"start":{"line":51,"column":17},"end":{"line":51,"column":18}},"30":{"start":{"line":52,"column":6},"end":{"line":52,"column":30}},"31":{"start":{"line":55,"column":16},"end":{"line":55,"column":17}},"32":{"start":{"line":56,"column":4},"end":{"line":60,"column":5}},"33":{"start":{"line":57,"column":19},"end":{"line":57,"column":24}},"34":{"start":{"line":58,"column":6},"end":{"line":58,"column":65}},"35":{"start":{"line":58,"column":43},"end":{"line":58,"column":59}},"36":{"start":{"line":59,"column":6},"end":{"line":59,"column":17}},"37":{"start":{"line":62,"column":4},"end":{"line":62,"column":24}}},"fnMap":{"0":{"name":"(anonymous_0)","decl":{"start":{"line":4,"column":2},"end":{"line":4,"column":3}},"loc":{"start":{"line":4,"column":16},"end":{"line":7,"column":3}},"line":4},"1":{"name":"(anonymous_1)","decl":{"start":{"line":9,"column":2},"end":{"line":9,"column":3}},"loc":{"start":{"line":9,"column":12},"end":{"line":12,"column":3}},"line":9},"2":{"name":"(anonymous_2)","decl":{"start":{"line":14,"column":2},"end":{"line":14,"column":3}},"loc":{"start":{"line":14,"column":13},"end":{"line":18,"column":3}},"line":14},"3":{"name":"(anonymous_3)","decl":{"start":{"line":15,"column":35},"end":{"line":15,"column":36}},"loc":{"start":{"line":15,"column":45},"end":{"line":15,"column":59}},"line":15},"4":{"name":"(anonymous_4)","decl":{"start":{"line":20,"column":2},"end":{"line":20,"column":3}},"loc":{"start":{"line":20,"column":15},"end":{"line":29,"column":3}},"line":20},"5":{"name":"(anonymous_5)","decl":{"start":{"line":31,"column":2},"end":{"line":31,"column":3}},"loc":{"start":{"line":31,"column":23},"end":{"line":46,"column":3}},"line":31},"6":{"name":"(anonymous_6)","decl":{"start":{"line":33,"column":32},"end":{"line":33,"column":33}},"loc":{"start":{"line":33,"column":42},"end":{"line":35,"column":5}},"line":33},"7":{"name":"(anonymous_7)","decl":{"start":{"line":39,"column":34},"end":{"line":39,"column":35}},"loc":{"start":{"line":39,"column":44},"end":{"line":39,"column":80}},"line":39},"8":{"name":"(anonymous_8)","decl":{"start":{"line":58,"column":36},"end":{"line":58,"column":37}},"loc":{"start":{"line":58,"column":43},"end":{"line":58,"column":59}},"line":58}},"branchMap":{"0":{"loc":{"start":{"line":22,"column":6},"end":{"line":27,"column":7}},"type":"if","locations":[{"start":{"line":22,"column":6},"end":{"line":27,"column":7}},{"start":{},"end":{}}],"line":22}},"s":{"0":3,"1":3,"2":3,"3":3,"4":1,"5":1,"6":1,"7":1,"8":0,"9":0,"10":0,"11":0,"12":0,"13":0,"14":0,"15":0,"16":0,"17":0,"18":0,"19":0,"20":0,"21":0,"22":0,"23":0,"24":0,"25":0,"26":0,"27":1,"28":1,"29":1,"30":0,"31":1,"32":1,"33":0,"34":0,"35":0,"36":0,"37":1},"f":{"0":3,"1":3,"2":1,"3":1,"4":0,"5":0,"6":0,"7":0,"8":0},"b":{"0":[0,0]},"_coverageSchema":"1a1c01bbd47fc00a2c39e90264f33305004495a9","hash":"c787a69c333a38919796a8c2403bafd0debbc14e"}
,"/home/illia/Projects/Todo-List/src/js/Task.js": {"path":"/home/illia/Projects/Todo-List/src/js/Task.js","statementMap":{"0":{"start":{"line":3,"column":4},"end":{"line":3,"column":58}},"1":{"start":{"line":4,"column":4},"end":{"line":4,"column":35}},"2":{"start":{"line":5,"column":4},"end":{"line":5,"column":29}},"3":{"start":{"line":6,"column":4},"end":{"line":6,"column":23}}},"fnMap":{"0":{"name":"(anonymous_0)","decl":{"start":{"line":2,"column":2},"end":{"line":2,"column":3}},"loc":{"start":{"line":2,"column":52},"end":{"line":7,"column":3}},"line":2}},"branchMap":{"0":{"loc":{"start":{"line":2,"column":34},"end":{"line":2,"column":50}},"type":"default-arg","locations":[{"start":{"line":2,"column":45},"end":{"line":2,"column":50}}],"line":2}},"s":{"0":3,"1":3,"2":3,"3":3},"f":{"0":3},"b":{"0":[3]},"_coverageSchema":"1a1c01bbd47fc00a2c39e90264f33305004495a9","hash":"047a94fd6835dc7a727f179a8d0beb068f3d6b9f"}
,"/home/illia/Projects/Todo-List/src/js/utilities.js": {"path":"/home/illia/Projects/Todo-List/src/js/utilities.js","statementMap":{"0":{"start":{"line":1,"column":20},"end":{"line":4,"column":1}},"1":{"start":{"line":2,"column":18},"end":{"line":2,"column":71}},"2":{"start":{"line":3,"column":2},"end":{"line":3,"column":53}},"3":{"start":{"line":6,"column":14},"end":{"line":8,"column":1}},"4":{"start":{"line":7,"column":2},"end":{"line":7,"column":51}},"5":{"start":{"line":10,"column":23},"end":{"line":19,"column":1}},"6":{"start":{"line":11,"column":18},"end":{"line":11,"column":56}},"7":{"start":{"line":12,"column":19},"end":{"line":12,"column":21}},"8":{"start":{"line":13,"column":2},"end":{"line":17,"column":3}},"9":{"start":{"line":14,"column":4},"end":{"line":16,"column":5}},"10":{"start":{"line":14,"column":17},"end":{"line":14,"column":18}},"11":{"start":{"line":15,"column":6},"end":{"line":15,"column":32}},"12":{"start":{"line":18,"column":2},"end":{"line":18,"column":18}},"13":{"start":{"line":21,"column":27},"end":{"line":45,"column":1}},"14":{"start":{"line":22,"column":2},"end":{"line":44,"column":3}},"15":{"start":{"line":22,"column":15},"end":{"line":22,"column":16}},"16":{"start":{"line":23,"column":4},"end":{"line":43,"column":6}},"17":{"start":{"line":47,"column":23},"end":{"line":60,"column":1}},"18":{"start":{"line":48,"column":15},"end":{"line":48,"column":47}},"19":{"start":{"line":49,"column":19},"end":{"line":49,"column":68}},"20":{"start":{"line":50,"column":15},"end":{"line":50,"column":64}},"21":{"start":{"line":51,"column":14},"end":{"line":51,"column":61}},"22":{"start":{"line":52,"column":15},"end":{"line":52,"column":29}},"23":{"start":{"line":53,"column":2},"end":{"line":59,"column":4}},"24":{"start":{"line":62,"column":17},"end":{"line":75,"column":1}},"25":{"start":{"line":63,"column":2},"end":{"line":74,"column":3}},"26":{"start":{"line":66,"column":8},"end":{"line":66,"column":26}},"27":{"start":{"line":67,"column":4},"end":{"line":67,"column":36}},"28":{"start":{"line":68,"column":4},"end":{"line":68,"column":41}},"29":{"start":{"line":69,"column":4},"end":{"line":69,"column":45}},"30":{"start":{"line":70,"column":4},"end":{"line":70,"column":35}},"31":{"start":{"line":71,"column":4},"end":{"line":71,"column":40}},"32":{"start":{"line":72,"column":4},"end":{"line":72,"column":44}},"33":{"start":{"line":73,"column":4},"end":{"line":73,"column":16}},"34":{"start":{"line":77,"column":18},"end":{"line":91,"column":1}},"35":{"start":{"line":78,"column":2},"end":{"line":89,"column":3}},"36":{"start":{"line":81,"column":8},"end":{"line":81,"column":26}},"37":{"start":{"line":82,"column":4},"end":{"line":82,"column":39}},"38":{"start":{"line":83,"column":4},"end":{"line":83,"column":38}},"39":{"start":{"line":84,"column":4},"end":{"line":84,"column":42}},"40":{"start":{"line":85,"column":4},"end":{"line":85,"column":37}},"41":{"start":{"line":86,"column":4},"end":{"line":86,"column":46}},"42":{"start":{"line":87,"column":4},"end":{"line":87,"column":17}},"43":{"start":{"line":88,"column":4},"end":{"line":88,"column":16}},"44":{"start":{"line":90,"column":2},"end":{"line":90,"column":15}}},"fnMap":{"0":{"name":"(anonymous_0)","decl":{"start":{"line":1,"column":20},"end":{"line":1,"column":21}},"loc":{"start":{"line":1,"column":37},"end":{"line":4,"column":1}},"line":1},"1":{"name":"(anonymous_1)","decl":{"start":{"line":6,"column":14},"end":{"line":6,"column":15}},"loc":{"start":{"line":6,"column":30},"end":{"line":8,"column":1}},"line":6},"2":{"name":"(anonymous_2)","decl":{"start":{"line":10,"column":23},"end":{"line":10,"column":24}},"loc":{"start":{"line":10,"column":33},"end":{"line":19,"column":1}},"line":10},"3":{"name":"(anonymous_3)","decl":{"start":{"line":21,"column":27},"end":{"line":21,"column":28}},"loc":{"start":{"line":21,"column":38},"end":{"line":45,"column":1}},"line":21},"4":{"name":"(anonymous_4)","decl":{"start":{"line":47,"column":23},"end":{"line":47,"column":24}},"loc":{"start":{"line":47,"column":31},"end":{"line":60,"column":1}},"line":47},"5":{"name":"(anonymous_5)","decl":{"start":{"line":62,"column":17},"end":{"line":62,"column":18}},"loc":{"start":{"line":62,"column":25},"end":{"line":75,"column":1}},"line":62},"6":{"name":"(anonymous_6)","decl":{"start":{"line":77,"column":18},"end":{"line":77,"column":19}},"loc":{"start":{"line":77,"column":26},"end":{"line":91,"column":1}},"line":77}},"branchMap":{"0":{"loc":{"start":{"line":13,"column":2},"end":{"line":17,"column":3}},"type":"if","locations":[{"start":{"line":13,"column":2},"end":{"line":17,"column":3}},{"start":{},"end":{}}],"line":13},"1":{"loc":{"start":{"line":32,"column":31},"end":{"line":32,"column":61}},"type":"cond-expr","locations":[{"start":{"line":32,"column":51},"end":{"line":32,"column":56}},{"start":{"line":32,"column":59},"end":{"line":32,"column":61}}],"line":32},"2":{"loc":{"start":{"line":35,"column":66},"end":{"line":35,"column":100}},"type":"cond-expr","locations":[{"start":{"line":35,"column":86},"end":{"line":35,"column":95}},{"start":{"line":35,"column":98},"end":{"line":35,"column":100}}],"line":35},"3":{"loc":{"start":{"line":63,"column":2},"end":{"line":74,"column":3}},"type":"if","locations":[{"start":{"line":63,"column":2},"end":{"line":74,"column":3}},{"start":{},"end":{}}],"line":63},"4":{"loc":{"start":{"line":78,"column":2},"end":{"line":89,"column":3}},"type":"if","locations":[{"start":{"line":78,"column":2},"end":{"line":89,"column":3}},{"start":{},"end":{}}],"line":78}},"s":{"0":3,"1":1,"2":1,"3":3,"4":5,"5":3,"6":3,"7":3,"8":3,"9":0,"10":0,"11":0,"12":3,"13":3,"14":1,"15":1,"16":1,"17":3,"18":0,"19":0,"20":0,"21":0,"22":0,"23":0,"24":3,"25":0,"26":0,"27":0,"28":0,"29":0,"30":0,"31":0,"32":0,"33":0,"34":3,"35":0,"36":0,"37":0,"38":0,"39":0,"40":0,"41":0,"42":0,"43":0,"44":0},"f":{"0":1,"1":5,"2":3,"3":1,"4":0,"5":0,"6":0},"b":{"0":[0,3],"1":[0,1],"2":[0,1],"3":[0,0],"4":[0,0]},"_coverageSchema":"1a1c01bbd47fc00a2c39e90264f33305004495a9","hash":"3d26a0d16d949abe13449e6bc178b8defbd5d5c4"}
}
