{"/home/aimal/Desktop/Projects/Microverse/Module-2/Todo-list/src/js/utilities.js": {"path":"/home/aimal/Desktop/Projects/Microverse/Module-2/Todo-list/src/js/utilities.js","statementMap":{"0":{"start":{"line":1,"column":20},"end":{"line":4,"column":1}},"1":{"start":{"line":2,"column":18},"end":{"line":2,"column":71}},"2":{"start":{"line":3,"column":2},"end":{"line":3,"column":53}},"3":{"start":{"line":6,"column":14},"end":{"line":8,"column":1}},"4":{"start":{"line":7,"column":2},"end":{"line":7,"column":51}},"5":{"start":{"line":10,"column":23},"end":{"line":19,"column":1}},"6":{"start":{"line":11,"column":18},"end":{"line":11,"column":56}},"7":{"start":{"line":12,"column":19},"end":{"line":12,"column":21}},"8":{"start":{"line":13,"column":2},"end":{"line":17,"column":3}},"9":{"start":{"line":14,"column":4},"end":{"line":16,"column":5}},"10":{"start":{"line":14,"column":17},"end":{"line":14,"column":18}},"11":{"start":{"line":15,"column":6},"end":{"line":15,"column":32}},"12":{"start":{"line":18,"column":2},"end":{"line":18,"column":18}},"13":{"start":{"line":21,"column":27},"end":{"line":45,"column":1}},"14":{"start":{"line":22,"column":2},"end":{"line":44,"column":3}},"15":{"start":{"line":22,"column":15},"end":{"line":22,"column":16}},"16":{"start":{"line":23,"column":4},"end":{"line":43,"column":6}},"17":{"start":{"line":47,"column":23},"end":{"line":60,"column":1}},"18":{"start":{"line":48,"column":15},"end":{"line":48,"column":47}},"19":{"start":{"line":49,"column":19},"end":{"line":49,"column":68}},"20":{"start":{"line":50,"column":15},"end":{"line":50,"column":64}},"21":{"start":{"line":51,"column":14},"end":{"line":51,"column":61}},"22":{"start":{"line":52,"column":15},"end":{"line":52,"column":29}},"23":{"start":{"line":53,"column":2},"end":{"line":59,"column":4}},"24":{"start":{"line":62,"column":17},"end":{"line":75,"column":1}},"25":{"start":{"line":63,"column":2},"end":{"line":74,"column":3}},"26":{"start":{"line":66,"column":8},"end":{"line":66,"column":26}},"27":{"start":{"line":67,"column":4},"end":{"line":67,"column":36}},"28":{"start":{"line":68,"column":4},"end":{"line":68,"column":41}},"29":{"start":{"line":69,"column":4},"end":{"line":69,"column":45}},"30":{"start":{"line":70,"column":4},"end":{"line":70,"column":35}},"31":{"start":{"line":71,"column":4},"end":{"line":71,"column":40}},"32":{"start":{"line":72,"column":4},"end":{"line":72,"column":44}},"33":{"start":{"line":73,"column":4},"end":{"line":73,"column":16}},"34":{"start":{"line":77,"column":18},"end":{"line":91,"column":1}},"35":{"start":{"line":78,"column":2},"end":{"line":89,"column":3}},"36":{"start":{"line":81,"column":8},"end":{"line":81,"column":26}},"37":{"start":{"line":82,"column":4},"end":{"line":82,"column":39}},"38":{"start":{"line":83,"column":4},"end":{"line":83,"column":38}},"39":{"start":{"line":84,"column":4},"end":{"line":84,"column":42}},"40":{"start":{"line":85,"column":4},"end":{"line":85,"column":37}},"41":{"start":{"line":86,"column":4},"end":{"line":86,"column":46}},"42":{"start":{"line":87,"column":4},"end":{"line":87,"column":17}},"43":{"start":{"line":88,"column":4},"end":{"line":88,"column":16}},"44":{"start":{"line":90,"column":2},"end":{"line":90,"column":15}}},"fnMap":{"0":{"name":"(anonymous_0)","decl":{"start":{"line":1,"column":20},"end":{"line":1,"column":21}},"loc":{"start":{"line":1,"column":37},"end":{"line":4,"column":1}},"line":1},"1":{"name":"(anonymous_1)","decl":{"start":{"line":6,"column":14},"end":{"line":6,"column":15}},"loc":{"start":{"line":6,"column":30},"end":{"line":8,"column":1}},"line":6},"2":{"name":"(anonymous_2)","decl":{"start":{"line":10,"column":23},"end":{"line":10,"column":24}},"loc":{"start":{"line":10,"column":33},"end":{"line":19,"column":1}},"line":10},"3":{"name":"(anonymous_3)","decl":{"start":{"line":21,"column":27},"end":{"line":21,"column":28}},"loc":{"start":{"line":21,"column":38},"end":{"line":45,"column":1}},"line":21},"4":{"name":"(anonymous_4)","decl":{"start":{"line":47,"column":23},"end":{"line":47,"column":24}},"loc":{"start":{"line":47,"column":31},"end":{"line":60,"column":1}},"line":47},"5":{"name":"(anonymous_5)","decl":{"start":{"line":62,"column":17},"end":{"line":62,"column":18}},"loc":{"start":{"line":62,"column":25},"end":{"line":75,"column":1}},"line":62},"6":{"name":"(anonymous_6)","decl":{"start":{"line":77,"column":18},"end":{"line":77,"column":19}},"loc":{"start":{"line":77,"column":26},"end":{"line":91,"column":1}},"line":77}},"branchMap":{"0":{"loc":{"start":{"line":13,"column":2},"end":{"line":17,"column":3}},"type":"if","locations":[{"start":{"line":13,"column":2},"end":{"line":17,"column":3}},{"start":{},"end":{}}],"line":13},"1":{"loc":{"start":{"line":32,"column":31},"end":{"line":32,"column":61}},"type":"cond-expr","locations":[{"start":{"line":32,"column":51},"end":{"line":32,"column":56}},{"start":{"line":32,"column":59},"end":{"line":32,"column":61}}],"line":32},"2":{"loc":{"start":{"line":35,"column":66},"end":{"line":35,"column":100}},"type":"cond-expr","locations":[{"start":{"line":35,"column":86},"end":{"line":35,"column":95}},{"start":{"line":35,"column":98},"end":{"line":35,"column":100}}],"line":35},"3":{"loc":{"start":{"line":63,"column":2},"end":{"line":74,"column":3}},"type":"if","locations":[{"start":{"line":63,"column":2},"end":{"line":74,"column":3}},{"start":{},"end":{}}],"line":63},"4":{"loc":{"start":{"line":78,"column":2},"end":{"line":89,"column":3}},"type":"if","locations":[{"start":{"line":78,"column":2},"end":{"line":89,"column":3}},{"start":{},"end":{}}],"line":78}},"s":{"0":1,"1":0,"2":0,"3":1,"4":1,"5":1,"6":0,"7":0,"8":0,"9":0,"10":0,"11":0,"12":0,"13":1,"14":0,"15":0,"16":0,"17":1,"18":0,"19":0,"20":0,"21":0,"22":0,"23":0,"24":1,"25":0,"26":0,"27":0,"28":0,"29":0,"30":0,"31":0,"32":0,"33":0,"34":1,"35":0,"36":0,"37":0,"38":0,"39":0,"40":0,"41":0,"42":0,"43":0,"44":0},"f":{"0":0,"1":1,"2":0,"3":0,"4":0,"5":0,"6":0},"b":{"0":[0,0],"1":[0,0],"2":[0,0],"3":[0,0],"4":[0,0]},"_coverageSchema":"1a1c01bbd47fc00a2c39e90264f33305004495a9","hash":"8d35a51165aee9abfe93d4ac216e78ff8c113cce"}
}
